20:44:25.524 [main] INFO  d.s.c.ls.C4LanguageServerLauncher - Starting ProcessIO Connection
20:44:25.525 [main] INFO  d.s.c.ls.C4LanguageServerLauncher - Launching C4LanguageServer started
20:44:25.702 [main] INFO  d.s.c.ls.service.C4LanguageServer - getTextDocumentService
20:44:25.768 [main] INFO  d.s.c.ls.service.C4LanguageServer - getTextDocumentService
20:44:25.770 [main] INFO  d.s.c.ls.service.C4LanguageServer - getWorkspaceService
20:44:25.779 [main] INFO  d.s.c.ls.service.C4LanguageServer - connect
20:44:25.821 [pool-1-thread-1] INFO  d.s.c.ls.service.C4LanguageServer - initialize
20:44:25.860 [pool-1-thread-1] INFO  d.s.c.l.s.C4TextDocumentService - didOpen file:///d%3A/%D0%94%D0%BB%D1%8F%20%D1%83%D1%87%D0%B5%D0%B1%D1%8B/%D0%B4%D0%BB%D1%8F%20%D0%B8%D0%BD%D1%81%D1%82%D0%B8%D1%82%D1%83%D1%82%D0%B0/ProgInj/Prog_inj/lab1/workspace.dsl
20:44:25.862 [ForkJoinPool.commonPool-worker-1] INFO  d.s.c.l.s.C4TextDocumentService - --> getDiagnostics 0
20:44:25.865 [ForkJoinPool.commonPool-worker-2] INFO  d.s.c.ls.service.C4WorkspaceService - executeCommand c4-server.autoformat.indent
20:44:25.866 [pool-1-thread-1] INFO  d.s.c.l.s.C4TextDocumentService - documentColor
20:44:25.866 [ForkJoinPool.commonPool-worker-2] INFO  d.s.c.l.s.C4TextDocumentService - --> getDocument
20:44:25.878 [ForkJoinPool.commonPool-worker-1] DEBUG d.s.c.ls.model.C4DocumentManager - createModel d:\Для учебы\для института\ProgInj\Prog_inj\lab1\workspace.dsl
20:44:25.880 [ForkJoinPool.commonPool-worker-1] DEBUG d.s.c.ls.model.C4DocumentManager - Parsing...
20:44:25.898 [ForkJoinPool.commonPool-worker-1] DEBUG d.s.c.ls.model.C4DocumentManager - onStartContext: workspace.dsl at linenumber 1, contextId: 127322965, contextName WorkspaceDslContext
20:44:25.898 [ForkJoinPool.commonPool-worker-1] DEBUG d.s.c.ls.model.C4DocumentManager - getModel file: d:\Для учебы\для института\ProgInj\Prog_inj\lab1\workspace.dsl
20:44:25.899 [ForkJoinPool.commonPool-worker-1] DEBUG d.s.c.ls.model.C4DocumentManager - onStartContext: workspace.dsl at linenumber 5, contextId: 1037891312, contextName ModelDslContext
20:44:25.899 [ForkJoinPool.commonPool-worker-1] DEBUG d.s.c.ls.model.C4DocumentManager - getModel file: d:\Для учебы\для института\ProgInj\Prog_inj\lab1\workspace.dsl
20:44:25.900 [ForkJoinPool.commonPool-worker-1] DEBUG d.s.c.ls.model.C4DocumentManager - onStartContext: workspace.dsl at linenumber 6, contextId: 1449321117, contextName PropertiesDslContext
20:44:25.900 [ForkJoinPool.commonPool-worker-1] DEBUG d.s.c.ls.model.C4DocumentManager - getModel file: d:\Для учебы\для института\ProgInj\Prog_inj\lab1\workspace.dsl
20:44:25.901 [ForkJoinPool.commonPool-worker-1] DEBUG d.s.c.ls.model.C4DocumentManager - onEndContext: workspace.dsl at linenumber 8, contextId: 1449321117, contextName PropertiesDslContext
20:44:25.901 [ForkJoinPool.commonPool-worker-1] DEBUG d.s.c.ls.model.C4DocumentManager - getModel file: d:\Для учебы\для института\ProgInj\Prog_inj\lab1\workspace.dsl
20:44:25.904 [ForkJoinPool.commonPool-worker-1] DEBUG d.s.c.ls.model.C4DocumentManager - onParsedModelElement identifier: user, modelId: 1 at linenumber: workspace.dsl, 9
20:44:25.904 [ForkJoinPool.commonPool-worker-1] DEBUG d.s.c.ls.model.C4DocumentManager - getModel file: d:\Для учебы\для института\ProgInj\Prog_inj\lab1\workspace.dsl
20:44:25.905 [ForkJoinPool.commonPool-worker-1] DEBUG d.s.c.ls.model.C4DocumentManager - onParsedModelElement identifier: messenger, modelId: 2 at linenumber: workspace.dsl, 10
20:44:25.905 [ForkJoinPool.commonPool-worker-1] DEBUG d.s.c.ls.model.C4DocumentManager - getModel file: d:\Для учебы\для института\ProgInj\Prog_inj\lab1\workspace.dsl
20:44:25.906 [ForkJoinPool.commonPool-worker-1] DEBUG d.s.c.ls.model.C4DocumentManager - onStartContext: workspace.dsl at linenumber 10, contextId: 315203096, contextName SoftwareSystemDslContext
20:44:25.906 [ForkJoinPool.commonPool-worker-1] DEBUG d.s.c.ls.model.C4DocumentManager - getModel file: d:\Для учебы\для института\ProgInj\Prog_inj\lab1\workspace.dsl
20:44:25.907 [ForkJoinPool.commonPool-worker-1] DEBUG d.s.c.ls.model.C4DocumentManager - onParsedModelElement identifier: user_service, modelId: 3 at linenumber: workspace.dsl, 12
20:44:25.907 [ForkJoinPool.commonPool-worker-1] DEBUG d.s.c.ls.model.C4DocumentManager - getModel file: d:\Для учебы\для института\ProgInj\Prog_inj\lab1\workspace.dsl
20:44:25.910 [ForkJoinPool.commonPool-worker-1] DEBUG d.s.c.ls.model.C4DocumentManager - onParsedModelElement identifier: ptp_service, modelId: 4 at linenumber: workspace.dsl, 13
20:44:25.910 [ForkJoinPool.commonPool-worker-1] DEBUG d.s.c.ls.model.C4DocumentManager - getModel file: d:\Для учебы\для института\ProgInj\Prog_inj\lab1\workspace.dsl
20:44:25.910 [ForkJoinPool.commonPool-worker-1] DEBUG d.s.c.ls.model.C4DocumentManager - onParsedModelElement identifier: chat_service, modelId: 5 at linenumber: workspace.dsl, 14
20:44:25.910 [ForkJoinPool.commonPool-worker-1] DEBUG d.s.c.ls.model.C4DocumentManager - getModel file: d:\Для учебы\для института\ProgInj\Prog_inj\lab1\workspace.dsl
20:44:25.911 [ForkJoinPool.commonPool-worker-1] DEBUG d.s.c.ls.model.C4DocumentManager - onStartContext: workspace.dsl at linenumber 15, contextId: 801516658, contextName SoftwareSystemDslContext
20:44:25.911 [ForkJoinPool.commonPool-worker-1] DEBUG d.s.c.ls.model.C4DocumentManager - getModel file: d:\Для учебы\для института\ProgInj\Prog_inj\lab1\workspace.dsl
20:44:25.952 [ForkJoinPool.commonPool-worker-1] DEBUG d.s.c.ls.model.C4DocumentManager - onParsedModelElement identifier: user_db, modelId: 6 at linenumber: workspace.dsl, 16
20:44:25.952 [ForkJoinPool.commonPool-worker-1] DEBUG d.s.c.ls.model.C4DocumentManager - getModel file: d:\Для учебы\для института\ProgInj\Prog_inj\lab1\workspace.dsl
20:44:25.952 [ForkJoinPool.commonPool-worker-1] DEBUG d.s.c.ls.model.C4DocumentManager - onStartContext: workspace.dsl at linenumber 16, contextId: 437282231, contextName ContainerDslContext
20:44:25.952 [ForkJoinPool.commonPool-worker-1] DEBUG d.s.c.ls.model.C4DocumentManager - getModel file: d:\Для учебы\для института\ProgInj\Prog_inj\lab1\workspace.dsl
20:44:25.953 [ForkJoinPool.commonPool-worker-1] DEBUG d.s.c.ls.model.C4DocumentManager - onEndContext: workspace.dsl at linenumber 20, contextId: 437282231, contextName ContainerDslContext
20:44:25.953 [ForkJoinPool.commonPool-worker-1] DEBUG d.s.c.ls.model.C4DocumentManager - getModel file: d:\Для учебы\для института\ProgInj\Prog_inj\lab1\workspace.dsl
20:44:25.954 [ForkJoinPool.commonPool-worker-1] DEBUG d.s.c.ls.model.C4DocumentManager - onParsedModelElement identifier: ptp_db, modelId: 7 at linenumber: workspace.dsl, 21
20:44:25.954 [ForkJoinPool.commonPool-worker-1] DEBUG d.s.c.ls.model.C4DocumentManager - getModel file: d:\Для учебы\для института\ProgInj\Prog_inj\lab1\workspace.dsl
20:44:25.954 [ForkJoinPool.commonPool-worker-1] DEBUG d.s.c.ls.model.C4DocumentManager - onStartContext: workspace.dsl at linenumber 21, contextId: 216362584, contextName ContainerDslContext
20:44:25.954 [ForkJoinPool.commonPool-worker-1] DEBUG d.s.c.ls.model.C4DocumentManager - getModel file: d:\Для учебы\для института\ProgInj\Prog_inj\lab1\workspace.dsl
20:44:25.954 [ForkJoinPool.commonPool-worker-1] DEBUG d.s.c.ls.model.C4DocumentManager - onEndContext: workspace.dsl at linenumber 25, contextId: 216362584, contextName ContainerDslContext
20:44:25.954 [ForkJoinPool.commonPool-worker-1] DEBUG d.s.c.ls.model.C4DocumentManager - getModel file: d:\Для учебы\для института\ProgInj\Prog_inj\lab1\workspace.dsl
20:44:25.955 [ForkJoinPool.commonPool-worker-1] DEBUG d.s.c.ls.model.C4DocumentManager - onParsedModelElement identifier: chat_db, modelId: 8 at linenumber: workspace.dsl, 26
20:44:25.955 [ForkJoinPool.commonPool-worker-1] DEBUG d.s.c.ls.model.C4DocumentManager - getModel file: d:\Для учебы\для института\ProgInj\Prog_inj\lab1\workspace.dsl
20:44:25.955 [ForkJoinPool.commonPool-worker-1] DEBUG d.s.c.ls.model.C4DocumentManager - onStartContext: workspace.dsl at linenumber 26, contextId: 162359949, contextName ContainerDslContext
20:44:25.955 [ForkJoinPool.commonPool-worker-1] DEBUG d.s.c.ls.model.C4DocumentManager - getModel file: d:\Для учебы\для института\ProgInj\Prog_inj\lab1\workspace.dsl
20:44:25.956 [ForkJoinPool.commonPool-worker-1] DEBUG d.s.c.ls.model.C4DocumentManager - onEndContext: workspace.dsl at linenumber 30, contextId: 162359949, contextName ContainerDslContext
20:44:25.956 [ForkJoinPool.commonPool-worker-1] DEBUG d.s.c.ls.model.C4DocumentManager - getModel file: d:\Для учебы\для института\ProgInj\Prog_inj\lab1\workspace.dsl
20:44:25.956 [ForkJoinPool.commonPool-worker-1] DEBUG d.s.c.ls.model.C4DocumentManager - onEndContext: workspace.dsl at linenumber 31, contextId: 801516658, contextName SoftwareSystemDslContext
20:44:25.956 [ForkJoinPool.commonPool-worker-1] DEBUG d.s.c.ls.model.C4DocumentManager - getModel file: d:\Для учебы\для института\ProgInj\Prog_inj\lab1\workspace.dsl
20:44:25.957 [ForkJoinPool.commonPool-worker-1] DEBUG d.s.c.ls.model.C4DocumentManager - onEndContext: workspace.dsl at linenumber 33, contextId: 315203096, contextName SoftwareSystemDslContext
20:44:25.957 [ForkJoinPool.commonPool-worker-1] DEBUG d.s.c.ls.model.C4DocumentManager - getModel file: d:\Для учебы\для института\ProgInj\Prog_inj\lab1\workspace.dsl
20:44:25.960 [ForkJoinPool.commonPool-worker-1] DEBUG d.s.c.ls.model.C4DocumentManager - onParsedRelationShip 1->2, identifier: null, at linenumber: workspace.dsl, 35
20:44:25.960 [ForkJoinPool.commonPool-worker-1] DEBUG d.s.c.ls.model.C4DocumentManager - getModel file: d:\Для учебы\для института\ProgInj\Prog_inj\lab1\workspace.dsl
20:44:25.960 [ForkJoinPool.commonPool-worker-1] DEBUG d.s.c.ls.model.C4DocumentManager - onParsedRelationShip 1->3, identifier: null, at linenumber: workspace.dsl, 37
20:44:25.960 [ForkJoinPool.commonPool-worker-1] DEBUG d.s.c.ls.model.C4DocumentManager - getModel file: d:\Для учебы\для института\ProgInj\Prog_inj\lab1\workspace.dsl
20:44:25.960 [ForkJoinPool.commonPool-worker-1] DEBUG d.s.c.ls.model.C4DocumentManager - onParsedRelationShip 3->6, identifier: null, at linenumber: workspace.dsl, 39
20:44:25.960 [ForkJoinPool.commonPool-worker-1] DEBUG d.s.c.ls.model.C4DocumentManager - getModel file: d:\Для учебы\для института\ProgInj\Prog_inj\lab1\workspace.dsl
20:44:25.961 [ForkJoinPool.commonPool-worker-1] DEBUG d.s.c.ls.model.C4DocumentManager - onParsedRelationShip 3->4, identifier: null, at linenumber: workspace.dsl, 40
20:44:25.961 [ForkJoinPool.commonPool-worker-1] DEBUG d.s.c.ls.model.C4DocumentManager - getModel file: d:\Для учебы\для института\ProgInj\Prog_inj\lab1\workspace.dsl
20:44:25.961 [ForkJoinPool.commonPool-worker-1] DEBUG d.s.c.ls.model.C4DocumentManager - onParsedRelationShip 3->5, identifier: null, at linenumber: workspace.dsl, 41
20:44:25.961 [ForkJoinPool.commonPool-worker-1] DEBUG d.s.c.ls.model.C4DocumentManager - getModel file: d:\Для учебы\для института\ProgInj\Prog_inj\lab1\workspace.dsl
20:44:25.961 [ForkJoinPool.commonPool-worker-1] DEBUG d.s.c.ls.model.C4DocumentManager - onParsedRelationShip 4->7, identifier: null, at linenumber: workspace.dsl, 43
20:44:25.961 [ForkJoinPool.commonPool-worker-1] DEBUG d.s.c.ls.model.C4DocumentManager - getModel file: d:\Для учебы\для института\ProgInj\Prog_inj\lab1\workspace.dsl
20:44:25.961 [ForkJoinPool.commonPool-worker-1] DEBUG d.s.c.ls.model.C4DocumentManager - onParsedRelationShip 5->8, identifier: null, at linenumber: workspace.dsl, 44
20:44:25.961 [ForkJoinPool.commonPool-worker-1] DEBUG d.s.c.ls.model.C4DocumentManager - getModel file: d:\Для учебы\для института\ProgInj\Prog_inj\lab1\workspace.dsl
20:44:25.962 [ForkJoinPool.commonPool-worker-1] DEBUG d.s.c.ls.model.C4DocumentManager - onStartContext: workspace.dsl at linenumber 49, contextId: 1537350040, contextName DeploymentEnvironmentDslContext
20:44:25.963 [ForkJoinPool.commonPool-worker-1] DEBUG d.s.c.ls.model.C4DocumentManager - getModel file: d:\Для учебы\для института\ProgInj\Prog_inj\lab1\workspace.dsl
20:44:25.964 [ForkJoinPool.commonPool-worker-1] DEBUG d.s.c.ls.model.C4DocumentManager - onParsedModelElement identifier: null, modelId: 16 at linenumber: workspace.dsl, 50
20:44:25.964 [ForkJoinPool.commonPool-worker-1] DEBUG d.s.c.ls.model.C4DocumentManager - getModel file: d:\Для учебы\для института\ProgInj\Prog_inj\lab1\workspace.dsl
20:44:25.964 [ForkJoinPool.commonPool-worker-1] DEBUG d.s.c.ls.model.C4DocumentManager - onStartContext: workspace.dsl at linenumber 50, contextId: 1635493732, contextName DeploymentNodeDslContext
20:44:25.964 [ForkJoinPool.commonPool-worker-1] DEBUG d.s.c.ls.model.C4DocumentManager - getModel file: d:\Для учебы\для института\ProgInj\Prog_inj\lab1\workspace.dsl
20:44:25.969 [ForkJoinPool.commonPool-worker-1] DEBUG d.s.c.ls.model.C4DocumentManager - onParsedModelElement identifier: null, modelId: 17 at linenumber: workspace.dsl, 51
20:44:25.969 [ForkJoinPool.commonPool-worker-1] DEBUG d.s.c.ls.model.C4DocumentManager - getModel file: d:\Для учебы\для института\ProgInj\Prog_inj\lab1\workspace.dsl
20:44:25.969 [ForkJoinPool.commonPool-worker-1] DEBUG d.s.c.ls.model.C4DocumentManager - onEndContext: workspace.dsl at linenumber 52, contextId: 1635493732, contextName DeploymentNodeDslContext
20:44:25.969 [ForkJoinPool.commonPool-worker-1] DEBUG d.s.c.ls.model.C4DocumentManager - getModel file: d:\Для учебы\для института\ProgInj\Prog_inj\lab1\workspace.dsl
20:44:25.969 [ForkJoinPool.commonPool-worker-1] DEBUG d.s.c.ls.model.C4DocumentManager - onParsedModelElement identifier: null, modelId: 18 at linenumber: workspace.dsl, 53
20:44:25.969 [ForkJoinPool.commonPool-worker-1] DEBUG d.s.c.ls.model.C4DocumentManager - getModel file: d:\Для учебы\для института\ProgInj\Prog_inj\lab1\workspace.dsl
20:44:25.969 [ForkJoinPool.commonPool-worker-1] DEBUG d.s.c.ls.model.C4DocumentManager - onStartContext: workspace.dsl at linenumber 53, contextId: 356412870, contextName DeploymentNodeDslContext
20:44:25.969 [ForkJoinPool.commonPool-worker-1] DEBUG d.s.c.ls.model.C4DocumentManager - getModel file: d:\Для учебы\для института\ProgInj\Prog_inj\lab1\workspace.dsl
20:44:25.970 [ForkJoinPool.commonPool-worker-1] DEBUG d.s.c.ls.model.C4DocumentManager - onParsedModelElement identifier: null, modelId: 19 at linenumber: workspace.dsl, 54
20:44:25.970 [ForkJoinPool.commonPool-worker-1] DEBUG d.s.c.ls.model.C4DocumentManager - getModel file: d:\Для учебы\для института\ProgInj\Prog_inj\lab1\workspace.dsl
20:44:25.970 [ForkJoinPool.commonPool-worker-1] DEBUG d.s.c.ls.model.C4DocumentManager - onEndContext: workspace.dsl at linenumber 55, contextId: 356412870, contextName DeploymentNodeDslContext
20:44:25.970 [ForkJoinPool.commonPool-worker-1] DEBUG d.s.c.ls.model.C4DocumentManager - getModel file: d:\Для учебы\для института\ProgInj\Prog_inj\lab1\workspace.dsl
20:44:25.970 [ForkJoinPool.commonPool-worker-1] DEBUG d.s.c.ls.model.C4DocumentManager - onParsedModelElement identifier: null, modelId: 21 at linenumber: workspace.dsl, 56
20:44:25.970 [ForkJoinPool.commonPool-worker-1] DEBUG d.s.c.ls.model.C4DocumentManager - getModel file: d:\Для учебы\для института\ProgInj\Prog_inj\lab1\workspace.dsl
20:44:25.970 [ForkJoinPool.commonPool-worker-1] DEBUG d.s.c.ls.model.C4DocumentManager - onStartContext: workspace.dsl at linenumber 56, contextId: 1175694384, contextName DeploymentNodeDslContext
20:44:25.970 [ForkJoinPool.commonPool-worker-1] DEBUG d.s.c.ls.model.C4DocumentManager - getModel file: d:\Для учебы\для института\ProgInj\Prog_inj\lab1\workspace.dsl
20:44:25.971 [ForkJoinPool.commonPool-worker-1] DEBUG d.s.c.ls.model.C4DocumentManager - onParsedModelElement identifier: null, modelId: 22 at linenumber: workspace.dsl, 57
20:44:25.971 [ForkJoinPool.commonPool-worker-1] DEBUG d.s.c.ls.model.C4DocumentManager - getModel file: d:\Для учебы\для института\ProgInj\Prog_inj\lab1\workspace.dsl
20:44:25.971 [ForkJoinPool.commonPool-worker-1] DEBUG d.s.c.ls.model.C4DocumentManager - onEndContext: workspace.dsl at linenumber 58, contextId: 1175694384, contextName DeploymentNodeDslContext
20:44:25.971 [ForkJoinPool.commonPool-worker-1] DEBUG d.s.c.ls.model.C4DocumentManager - getModel file: d:\Для учебы\для института\ProgInj\Prog_inj\lab1\workspace.dsl
20:44:25.972 [ForkJoinPool.commonPool-worker-1] DEBUG d.s.c.ls.model.C4DocumentManager - onParsedModelElement identifier: null, modelId: 24 at linenumber: workspace.dsl, 59
20:44:25.972 [ForkJoinPool.commonPool-worker-1] DEBUG d.s.c.ls.model.C4DocumentManager - getModel file: d:\Для учебы\для института\ProgInj\Prog_inj\lab1\workspace.dsl
20:44:25.972 [ForkJoinPool.commonPool-worker-1] DEBUG d.s.c.ls.model.C4DocumentManager - onStartContext: workspace.dsl at linenumber 59, contextId: 225511277, contextName DeploymentNodeDslContext
20:44:25.972 [ForkJoinPool.commonPool-worker-1] DEBUG d.s.c.ls.model.C4DocumentManager - getModel file: d:\Для учебы\для института\ProgInj\Prog_inj\lab1\workspace.dsl
20:44:25.972 [ForkJoinPool.commonPool-worker-1] DEBUG d.s.c.ls.model.C4DocumentManager - onParsedModelElement identifier: null, modelId: 25 at linenumber: workspace.dsl, 60
20:44:25.972 [ForkJoinPool.commonPool-worker-1] DEBUG d.s.c.ls.model.C4DocumentManager - getModel file: d:\Для учебы\для института\ProgInj\Prog_inj\lab1\workspace.dsl
20:44:25.972 [ForkJoinPool.commonPool-worker-1] DEBUG d.s.c.ls.model.C4DocumentManager - onEndContext: workspace.dsl at linenumber 61, contextId: 225511277, contextName DeploymentNodeDslContext
20:44:25.972 [ForkJoinPool.commonPool-worker-1] DEBUG d.s.c.ls.model.C4DocumentManager - getModel file: d:\Для учебы\для института\ProgInj\Prog_inj\lab1\workspace.dsl
20:44:25.973 [ForkJoinPool.commonPool-worker-1] DEBUG d.s.c.ls.model.C4DocumentManager - onParsedModelElement identifier: null, modelId: 27 at linenumber: workspace.dsl, 62
20:44:25.973 [ForkJoinPool.commonPool-worker-1] DEBUG d.s.c.ls.model.C4DocumentManager - getModel file: d:\Для учебы\для института\ProgInj\Prog_inj\lab1\workspace.dsl
20:44:25.973 [ForkJoinPool.commonPool-worker-1] DEBUG d.s.c.ls.model.C4DocumentManager - onStartContext: workspace.dsl at linenumber 62, contextId: 887614784, contextName DeploymentNodeDslContext
20:44:25.973 [ForkJoinPool.commonPool-worker-1] DEBUG d.s.c.ls.model.C4DocumentManager - getModel file: d:\Для учебы\для института\ProgInj\Prog_inj\lab1\workspace.dsl
20:44:25.973 [ForkJoinPool.commonPool-worker-1] DEBUG d.s.c.ls.model.C4DocumentManager - onParsedModelElement identifier: null, modelId: 28 at linenumber: workspace.dsl, 63
20:44:25.973 [ForkJoinPool.commonPool-worker-1] DEBUG d.s.c.ls.model.C4DocumentManager - getModel file: d:\Для учебы\для института\ProgInj\Prog_inj\lab1\workspace.dsl
20:44:25.973 [ForkJoinPool.commonPool-worker-1] DEBUG d.s.c.ls.model.C4DocumentManager - onEndContext: workspace.dsl at linenumber 64, contextId: 887614784, contextName DeploymentNodeDslContext
20:44:25.973 [ForkJoinPool.commonPool-worker-1] DEBUG d.s.c.ls.model.C4DocumentManager - getModel file: d:\Для учебы\для института\ProgInj\Prog_inj\lab1\workspace.dsl
20:44:25.974 [ForkJoinPool.commonPool-worker-1] DEBUG d.s.c.ls.model.C4DocumentManager - onParsedModelElement identifier: null, modelId: 30 at linenumber: workspace.dsl, 65
20:44:25.974 [ForkJoinPool.commonPool-worker-1] DEBUG d.s.c.ls.model.C4DocumentManager - getModel file: d:\Для учебы\для института\ProgInj\Prog_inj\lab1\workspace.dsl
20:44:25.974 [ForkJoinPool.commonPool-worker-1] DEBUG d.s.c.ls.model.C4DocumentManager - onStartContext: workspace.dsl at linenumber 65, contextId: 1719615843, contextName DeploymentNodeDslContext
20:44:25.974 [ForkJoinPool.commonPool-worker-1] DEBUG d.s.c.ls.model.C4DocumentManager - getModel file: d:\Для учебы\для института\ProgInj\Prog_inj\lab1\workspace.dsl
20:44:25.974 [ForkJoinPool.commonPool-worker-1] DEBUG d.s.c.ls.model.C4DocumentManager - onParsedModelElement identifier: null, modelId: 31 at linenumber: workspace.dsl, 66
20:44:25.974 [ForkJoinPool.commonPool-worker-1] DEBUG d.s.c.ls.model.C4DocumentManager - getModel file: d:\Для учебы\для института\ProgInj\Prog_inj\lab1\workspace.dsl
20:44:25.974 [ForkJoinPool.commonPool-worker-1] DEBUG d.s.c.ls.model.C4DocumentManager - onEndContext: workspace.dsl at linenumber 67, contextId: 1719615843, contextName DeploymentNodeDslContext
20:44:25.974 [ForkJoinPool.commonPool-worker-1] DEBUG d.s.c.ls.model.C4DocumentManager - getModel file: d:\Для учебы\для института\ProgInj\Prog_inj\lab1\workspace.dsl
20:44:25.974 [ForkJoinPool.commonPool-worker-1] DEBUG d.s.c.ls.model.C4DocumentManager - onEndContext: workspace.dsl at linenumber 68, contextId: 1537350040, contextName DeploymentEnvironmentDslContext
20:44:25.974 [ForkJoinPool.commonPool-worker-1] DEBUG d.s.c.ls.model.C4DocumentManager - getModel file: d:\Для учебы\для института\ProgInj\Prog_inj\lab1\workspace.dsl
20:44:25.975 [ForkJoinPool.commonPool-worker-1] DEBUG d.s.c.ls.model.C4DocumentManager - onEndContext: workspace.dsl at linenumber 70, contextId: 1037891312, contextName ModelDslContext
20:44:25.975 [ForkJoinPool.commonPool-worker-1] DEBUG d.s.c.ls.model.C4DocumentManager - getModel file: d:\Для учебы\для института\ProgInj\Prog_inj\lab1\workspace.dsl
20:44:25.975 [ForkJoinPool.commonPool-worker-1] DEBUG d.s.c.ls.model.C4DocumentManager - onStartContext: workspace.dsl at linenumber 72, contextId: 730829164, contextName ViewsDslContext
20:44:25.975 [ForkJoinPool.commonPool-worker-1] DEBUG d.s.c.ls.model.C4DocumentManager - getModel file: d:\Для учебы\для института\ProgInj\Prog_inj\lab1\workspace.dsl
20:44:25.983 [ForkJoinPool.commonPool-worker-1] DEBUG d.s.c.ls.model.C4DocumentManager - onParsedView View: SystemContext-001 at linenumber workspace.dsl, 75
20:44:25.983 [ForkJoinPool.commonPool-worker-1] DEBUG d.s.c.ls.model.C4DocumentManager - getModel file: d:\Для учебы\для института\ProgInj\Prog_inj\lab1\workspace.dsl
20:44:25.983 [ForkJoinPool.commonPool-worker-1] DEBUG d.s.c.ls.model.C4DocumentManager - onStartContext: workspace.dsl at linenumber 75, contextId: 505933835, contextName SystemContextViewDslContext
20:44:25.983 [ForkJoinPool.commonPool-worker-1] DEBUG d.s.c.ls.model.C4DocumentManager - getModel file: d:\Для учебы\для института\ProgInj\Prog_inj\lab1\workspace.dsl
20:44:25.986 [ForkJoinPool.commonPool-worker-1] DEBUG d.s.c.ls.model.C4DocumentManager - onEndContext: workspace.dsl at linenumber 78, contextId: 505933835, contextName SystemContextViewDslContext
20:44:25.986 [ForkJoinPool.commonPool-worker-1] DEBUG d.s.c.ls.model.C4DocumentManager - getModel file: d:\Для учебы\для института\ProgInj\Prog_inj\lab1\workspace.dsl
20:44:25.987 [ForkJoinPool.commonPool-worker-1] DEBUG d.s.c.ls.model.C4DocumentManager - onParsedView View: Container-001 at linenumber workspace.dsl, 80
20:44:25.987 [ForkJoinPool.commonPool-worker-1] DEBUG d.s.c.ls.model.C4DocumentManager - getModel file: d:\Для учебы\для института\ProgInj\Prog_inj\lab1\workspace.dsl
20:44:25.987 [ForkJoinPool.commonPool-worker-1] DEBUG d.s.c.ls.model.C4DocumentManager - onStartContext: workspace.dsl at linenumber 80, contextId: 2111302821, contextName ContainerViewDslContext
20:44:25.987 [ForkJoinPool.commonPool-worker-1] DEBUG d.s.c.ls.model.C4DocumentManager - getModel file: d:\Для учебы\для института\ProgInj\Prog_inj\lab1\workspace.dsl
20:44:25.990 [ForkJoinPool.commonPool-worker-1] DEBUG d.s.c.ls.model.C4DocumentManager - onEndContext: workspace.dsl at linenumber 83, contextId: 2111302821, contextName ContainerViewDslContext
20:44:25.990 [ForkJoinPool.commonPool-worker-1] DEBUG d.s.c.ls.model.C4DocumentManager - getModel file: d:\Для учебы\для института\ProgInj\Prog_inj\lab1\workspace.dsl
20:44:25.992 [ForkJoinPool.commonPool-worker-1] DEBUG d.s.c.ls.model.C4DocumentManager - onParsedView View: UC01 at linenumber workspace.dsl, 85
20:44:25.992 [ForkJoinPool.commonPool-worker-1] DEBUG d.s.c.ls.model.C4DocumentManager - getModel file: d:\Для учебы\для института\ProgInj\Prog_inj\lab1\workspace.dsl
20:44:25.992 [ForkJoinPool.commonPool-worker-1] DEBUG d.s.c.ls.model.C4DocumentManager - onStartContext: workspace.dsl at linenumber 85, contextId: 472133254, contextName DynamicViewDslContext
20:44:25.992 [ForkJoinPool.commonPool-worker-1] DEBUG d.s.c.ls.model.C4DocumentManager - getModel file: d:\Для учебы\для института\ProgInj\Prog_inj\lab1\workspace.dsl
20:44:25.994 [ForkJoinPool.commonPool-worker-1] DEBUG d.s.c.ls.model.C4DocumentManager - onEndContext: workspace.dsl at linenumber 89, contextId: 472133254, contextName DynamicViewDslContext
20:44:25.994 [ForkJoinPool.commonPool-worker-1] DEBUG d.s.c.ls.model.C4DocumentManager - getModel file: d:\Для учебы\для института\ProgInj\Prog_inj\lab1\workspace.dsl
20:44:25.994 [ForkJoinPool.commonPool-worker-1] DEBUG d.s.c.ls.model.C4DocumentManager - onParsedView View: UC02 at linenumber workspace.dsl, 91
20:44:25.994 [ForkJoinPool.commonPool-worker-1] DEBUG d.s.c.ls.model.C4DocumentManager - getModel file: d:\Для учебы\для института\ProgInj\Prog_inj\lab1\workspace.dsl
20:44:25.994 [ForkJoinPool.commonPool-worker-1] DEBUG d.s.c.ls.model.C4DocumentManager - onStartContext: workspace.dsl at linenumber 91, contextId: 1505471151, contextName DynamicViewDslContext
20:44:25.994 [ForkJoinPool.commonPool-worker-1] DEBUG d.s.c.ls.model.C4DocumentManager - getModel file: d:\Для учебы\для института\ProgInj\Prog_inj\lab1\workspace.dsl
20:44:25.994 [ForkJoinPool.commonPool-worker-1] DEBUG d.s.c.ls.model.C4DocumentManager - onEndContext: workspace.dsl at linenumber 95, contextId: 1505471151, contextName DynamicViewDslContext
20:44:25.995 [ForkJoinPool.commonPool-worker-1] DEBUG d.s.c.ls.model.C4DocumentManager - getModel file: d:\Для учебы\для института\ProgInj\Prog_inj\lab1\workspace.dsl
20:44:25.995 [ForkJoinPool.commonPool-worker-1] DEBUG d.s.c.ls.model.C4DocumentManager - onParsedView View: UC03 at linenumber workspace.dsl, 97
20:44:25.995 [ForkJoinPool.commonPool-worker-1] DEBUG d.s.c.ls.model.C4DocumentManager - getModel file: d:\Для учебы\для института\ProgInj\Prog_inj\lab1\workspace.dsl
20:44:25.995 [ForkJoinPool.commonPool-worker-1] DEBUG d.s.c.ls.model.C4DocumentManager - onStartContext: workspace.dsl at linenumber 97, contextId: 243306134, contextName DynamicViewDslContext
20:44:25.995 [ForkJoinPool.commonPool-worker-1] DEBUG d.s.c.ls.model.C4DocumentManager - getModel file: d:\Для учебы\для института\ProgInj\Prog_inj\lab1\workspace.dsl
20:44:25.995 [ForkJoinPool.commonPool-worker-1] DEBUG d.s.c.ls.model.C4DocumentManager - onEndContext: workspace.dsl at linenumber 101, contextId: 243306134, contextName DynamicViewDslContext
20:44:25.995 [ForkJoinPool.commonPool-worker-1] DEBUG d.s.c.ls.model.C4DocumentManager - getModel file: d:\Для учебы\для института\ProgInj\Prog_inj\lab1\workspace.dsl
20:44:25.995 [ForkJoinPool.commonPool-worker-1] DEBUG d.s.c.ls.model.C4DocumentManager - onParsedView View: UC11 at linenumber workspace.dsl, 103
20:44:25.995 [ForkJoinPool.commonPool-worker-1] DEBUG d.s.c.ls.model.C4DocumentManager - getModel file: d:\Для учебы\для института\ProgInj\Prog_inj\lab1\workspace.dsl
20:44:25.995 [ForkJoinPool.commonPool-worker-1] DEBUG d.s.c.ls.model.C4DocumentManager - onStartContext: workspace.dsl at linenumber 103, contextId: 1609609438, contextName DynamicViewDslContext
20:44:25.996 [ForkJoinPool.commonPool-worker-1] DEBUG d.s.c.ls.model.C4DocumentManager - getModel file: d:\Для учебы\для института\ProgInj\Prog_inj\lab1\workspace.dsl
20:44:25.996 [ForkJoinPool.commonPool-worker-1] DEBUG d.s.c.ls.model.C4DocumentManager - onEndContext: workspace.dsl at linenumber 108, contextId: 1609609438, contextName DynamicViewDslContext
20:44:25.996 [ForkJoinPool.commonPool-worker-1] DEBUG d.s.c.ls.model.C4DocumentManager - getModel file: d:\Для учебы\для института\ProgInj\Prog_inj\lab1\workspace.dsl
20:44:25.996 [ForkJoinPool.commonPool-worker-1] DEBUG d.s.c.ls.model.C4DocumentManager - onParsedView View: UC12 at linenumber workspace.dsl, 110
20:44:25.996 [ForkJoinPool.commonPool-worker-1] DEBUG d.s.c.ls.model.C4DocumentManager - getModel file: d:\Для учебы\для института\ProgInj\Prog_inj\lab1\workspace.dsl
20:44:25.996 [ForkJoinPool.commonPool-worker-1] DEBUG d.s.c.ls.model.C4DocumentManager - onStartContext: workspace.dsl at linenumber 110, contextId: 1976254963, contextName DynamicViewDslContext
20:44:25.996 [ForkJoinPool.commonPool-worker-1] DEBUG d.s.c.ls.model.C4DocumentManager - getModel file: d:\Для учебы\для института\ProgInj\Prog_inj\lab1\workspace.dsl
20:44:25.997 [ForkJoinPool.commonPool-worker-1] DEBUG d.s.c.ls.model.C4DocumentManager - onEndContext: workspace.dsl at linenumber 115, contextId: 1976254963, contextName DynamicViewDslContext
20:44:25.997 [ForkJoinPool.commonPool-worker-1] DEBUG d.s.c.ls.model.C4DocumentManager - getModel file: d:\Для учебы\для института\ProgInj\Prog_inj\lab1\workspace.dsl
20:44:25.997 [ForkJoinPool.commonPool-worker-1] DEBUG d.s.c.ls.model.C4DocumentManager - onParsedView View: UC13 at linenumber workspace.dsl, 117
20:44:25.997 [ForkJoinPool.commonPool-worker-1] DEBUG d.s.c.ls.model.C4DocumentManager - getModel file: d:\Для учебы\для института\ProgInj\Prog_inj\lab1\workspace.dsl
20:44:26.001 [ForkJoinPool.commonPool-worker-1] DEBUG d.s.c.ls.model.C4DocumentManager - onStartContext: workspace.dsl at linenumber 117, contextId: 541869519, contextName DynamicViewDslContext
20:44:26.001 [ForkJoinPool.commonPool-worker-1] DEBUG d.s.c.ls.model.C4DocumentManager - getModel file: d:\Для учебы\для института\ProgInj\Prog_inj\lab1\workspace.dsl
20:44:26.002 [ForkJoinPool.commonPool-worker-1] DEBUG d.s.c.ls.model.C4DocumentManager - onEndContext: workspace.dsl at linenumber 122, contextId: 541869519, contextName DynamicViewDslContext
20:44:26.002 [ForkJoinPool.commonPool-worker-1] DEBUG d.s.c.ls.model.C4DocumentManager - getModel file: d:\Для учебы\для института\ProgInj\Prog_inj\lab1\workspace.dsl
20:44:26.002 [ForkJoinPool.commonPool-worker-1] DEBUG d.s.c.ls.model.C4DocumentManager - onParsedView View: UC14 at linenumber workspace.dsl, 124
20:44:26.002 [ForkJoinPool.commonPool-worker-1] DEBUG d.s.c.ls.model.C4DocumentManager - getModel file: d:\Для учебы\для института\ProgInj\Prog_inj\lab1\workspace.dsl
20:44:26.002 [ForkJoinPool.commonPool-worker-1] DEBUG d.s.c.ls.model.C4DocumentManager - onStartContext: workspace.dsl at linenumber 124, contextId: 1558494812, contextName DynamicViewDslContext
20:44:26.002 [ForkJoinPool.commonPool-worker-1] DEBUG d.s.c.ls.model.C4DocumentManager - getModel file: d:\Для учебы\для института\ProgInj\Prog_inj\lab1\workspace.dsl
20:44:26.003 [ForkJoinPool.commonPool-worker-1] DEBUG d.s.c.ls.model.C4DocumentManager - onEndContext: workspace.dsl at linenumber 129, contextId: 1558494812, contextName DynamicViewDslContext
20:44:26.003 [ForkJoinPool.commonPool-worker-1] DEBUG d.s.c.ls.model.C4DocumentManager - getModel file: d:\Для учебы\для института\ProgInj\Prog_inj\lab1\workspace.dsl
20:44:26.003 [ForkJoinPool.commonPool-worker-1] DEBUG d.s.c.ls.model.C4DocumentManager - onParsedView View: UC21 at linenumber workspace.dsl, 131
20:44:26.003 [ForkJoinPool.commonPool-worker-1] DEBUG d.s.c.ls.model.C4DocumentManager - getModel file: d:\Для учебы\для института\ProgInj\Prog_inj\lab1\workspace.dsl
20:44:26.003 [ForkJoinPool.commonPool-worker-1] DEBUG d.s.c.ls.model.C4DocumentManager - onStartContext: workspace.dsl at linenumber 131, contextId: 1740470792, contextName DynamicViewDslContext
20:44:26.003 [ForkJoinPool.commonPool-worker-1] DEBUG d.s.c.ls.model.C4DocumentManager - getModel file: d:\Для учебы\для института\ProgInj\Prog_inj\lab1\workspace.dsl
20:44:26.004 [ForkJoinPool.commonPool-worker-1] DEBUG d.s.c.ls.model.C4DocumentManager - onEndContext: workspace.dsl at linenumber 136, contextId: 1740470792, contextName DynamicViewDslContext
20:44:26.004 [ForkJoinPool.commonPool-worker-1] DEBUG d.s.c.ls.model.C4DocumentManager - getModel file: d:\Для учебы\для института\ProgInj\Prog_inj\lab1\workspace.dsl
20:44:26.004 [ForkJoinPool.commonPool-worker-1] DEBUG d.s.c.ls.model.C4DocumentManager - onParsedView View: UC22 at linenumber workspace.dsl, 138
20:44:26.004 [ForkJoinPool.commonPool-worker-1] DEBUG d.s.c.ls.model.C4DocumentManager - getModel file: d:\Для учебы\для института\ProgInj\Prog_inj\lab1\workspace.dsl
20:44:26.004 [ForkJoinPool.commonPool-worker-1] DEBUG d.s.c.ls.model.C4DocumentManager - onStartContext: workspace.dsl at linenumber 138, contextId: 272351573, contextName DynamicViewDslContext
20:44:26.004 [ForkJoinPool.commonPool-worker-1] DEBUG d.s.c.ls.model.C4DocumentManager - getModel file: d:\Для учебы\для института\ProgInj\Prog_inj\lab1\workspace.dsl
20:44:26.004 [ForkJoinPool.commonPool-worker-1] DEBUG d.s.c.ls.model.C4DocumentManager - onEndContext: workspace.dsl at linenumber 143, contextId: 272351573, contextName DynamicViewDslContext
20:44:26.004 [ForkJoinPool.commonPool-worker-1] DEBUG d.s.c.ls.model.C4DocumentManager - getModel file: d:\Для учебы\для института\ProgInj\Prog_inj\lab1\workspace.dsl
20:44:26.007 [ForkJoinPool.commonPool-worker-1] DEBUG d.s.c.ls.model.C4DocumentManager - onParsedView View: deployment at linenumber workspace.dsl, 145
20:44:26.007 [ForkJoinPool.commonPool-worker-1] DEBUG d.s.c.ls.model.C4DocumentManager - getModel file: d:\Для учебы\для института\ProgInj\Prog_inj\lab1\workspace.dsl
20:44:26.007 [ForkJoinPool.commonPool-worker-1] DEBUG d.s.c.ls.model.C4DocumentManager - onStartContext: workspace.dsl at linenumber 145, contextId: 1641099305, contextName DeploymentViewDslContext
20:44:26.007 [ForkJoinPool.commonPool-worker-1] DEBUG d.s.c.ls.model.C4DocumentManager - getModel file: d:\Для учебы\для института\ProgInj\Prog_inj\lab1\workspace.dsl
20:44:26.010 [ForkJoinPool.commonPool-worker-1] DEBUG d.s.c.ls.model.C4DocumentManager - onEndContext: workspace.dsl at linenumber 148, contextId: 1641099305, contextName DeploymentViewDslContext
20:44:26.010 [ForkJoinPool.commonPool-worker-1] DEBUG d.s.c.ls.model.C4DocumentManager - getModel file: d:\Для учебы\для института\ProgInj\Prog_inj\lab1\workspace.dsl
20:44:26.011 [ForkJoinPool.commonPool-worker-1] DEBUG d.s.c.ls.model.C4DocumentManager - onStartContext: workspace.dsl at linenumber 149, contextId: 1090172233, contextName StylesDslContext
20:44:26.011 [ForkJoinPool.commonPool-worker-1] DEBUG d.s.c.ls.model.C4DocumentManager - getModel file: d:\Для учебы\для института\ProgInj\Prog_inj\lab1\workspace.dsl
20:44:26.012 [ForkJoinPool.commonPool-worker-1] DEBUG d.s.c.ls.model.C4DocumentManager - onStartContext: workspace.dsl at linenumber 150, contextId: 1958574537, contextName ElementStyleDslContext
20:44:26.012 [ForkJoinPool.commonPool-worker-1] DEBUG d.s.c.ls.model.C4DocumentManager - getModel file: d:\Для учебы\для института\ProgInj\Prog_inj\lab1\workspace.dsl
20:44:26.014 [ForkJoinPool.commonPool-worker-1] DEBUG d.s.c.ls.model.C4DocumentManager - onParsedColor at linenumber workspace.dsl, 152
20:44:26.014 [ForkJoinPool.commonPool-worker-1] DEBUG d.s.c.ls.model.C4DocumentManager - getModel file: d:\Для учебы\для института\ProgInj\Prog_inj\lab1\workspace.dsl
20:44:26.014 [ForkJoinPool.commonPool-worker-1] DEBUG d.s.c.ls.model.C4DocumentManager - onParsedColor at linenumber workspace.dsl, 153
20:44:26.014 [ForkJoinPool.commonPool-worker-1] DEBUG d.s.c.ls.model.C4DocumentManager - getModel file: d:\Для учебы\для института\ProgInj\Prog_inj\lab1\workspace.dsl
20:44:26.014 [ForkJoinPool.commonPool-worker-1] DEBUG d.s.c.ls.model.C4DocumentManager - onEndContext: workspace.dsl at linenumber 154, contextId: 1958574537, contextName ElementStyleDslContext
20:44:26.014 [ForkJoinPool.commonPool-worker-1] DEBUG d.s.c.ls.model.C4DocumentManager - getModel file: d:\Для учебы\для института\ProgInj\Prog_inj\lab1\workspace.dsl
20:44:26.014 [ForkJoinPool.commonPool-worker-1] DEBUG d.s.c.ls.model.C4DocumentManager - onEndContext: workspace.dsl at linenumber 155, contextId: 1090172233, contextName StylesDslContext
20:44:26.014 [ForkJoinPool.commonPool-worker-1] DEBUG d.s.c.ls.model.C4DocumentManager - getModel file: d:\Для учебы\для института\ProgInj\Prog_inj\lab1\workspace.dsl
20:44:26.014 [ForkJoinPool.commonPool-worker-1] DEBUG d.s.c.ls.model.C4DocumentManager - onEndContext: workspace.dsl at linenumber 156, contextId: 730829164, contextName ViewsDslContext
20:44:26.014 [ForkJoinPool.commonPool-worker-1] DEBUG d.s.c.ls.model.C4DocumentManager - getModel file: d:\Для учебы\для института\ProgInj\Prog_inj\lab1\workspace.dsl
20:44:26.014 [ForkJoinPool.commonPool-worker-1] DEBUG d.s.c.ls.model.C4DocumentManager - onEndContext: workspace.dsl at linenumber 158, contextId: 127322965, contextName WorkspaceDslContext
20:44:26.014 [ForkJoinPool.commonPool-worker-1] DEBUG d.s.c.ls.model.C4DocumentManager - getModel file: d:\Для учебы\для института\ProgInj\Prog_inj\lab1\workspace.dsl
20:44:26.014 [ForkJoinPool.commonPool-worker-1] DEBUG d.s.c.ls.model.C4DocumentManager - Parsing finished
20:44:26.015 [ForkJoinPool.commonPool-worker-1] DEBUG d.s.c4dsl.ls.model.C4DocumentModel - setWorkspace Name
20:44:26.015 [ForkJoinPool.commonPool-worker-1] DEBUG d.s.c4dsl.ls.model.C4DocumentModel - setValid true
20:44:26.016 [ForkJoinPool.commonPool-worker-1] INFO  d.s.c.l.s.C4TextDocumentService - <-- getDiagnostics
20:44:26.016 [ForkJoinPool.commonPool-worker-2] DEBUG d.s.c.ls.model.C4DocumentManager - getModel file: d:\Для учебы\для института\ProgInj\Prog_inj\lab1\workspace.dsl
20:44:26.016 [ForkJoinPool.commonPool-worker-2] INFO  d.s.c.l.s.C4TextDocumentService - <-- getDocument
20:44:26.016 [ForkJoinPool.commonPool-worker-2] DEBUG d.s.c.ls.provider.C4ColorProvider - calcDocumentColors file:/d:/Для%20учебы/для%20института/ProgInj/Prog_inj/lab1/workspace.dsl
20:44:26.016 [ForkJoinPool.commonPool-worker-2] DEBUG d.s.c.ls.provider.C4ColorProvider -                    [152, 153]
20:44:26.239 [pool-1-thread-1] INFO  d.s.c.l.s.C4TextDocumentService - codeLens
20:44:26.239 [ForkJoinPool.commonPool-worker-2] INFO  d.s.c.l.s.C4TextDocumentService - --> getDocument
20:44:26.240 [ForkJoinPool.commonPool-worker-2] DEBUG d.s.c.ls.model.C4DocumentManager - getModel file: d:\Для учебы\для института\ProgInj\Prog_inj\lab1\workspace.dsl
20:44:26.240 [ForkJoinPool.commonPool-worker-2] INFO  d.s.c.l.s.C4TextDocumentService - <-- getDocument
20:44:26.323 [pool-1-thread-1] INFO  d.s.c.l.s.C4TextDocumentService - semanticTokensFull
20:44:26.323 [ForkJoinPool.commonPool-worker-1] INFO  d.s.c.l.s.C4TextDocumentService - --> getDocument
20:44:26.323 [ForkJoinPool.commonPool-worker-1] DEBUG d.s.c.ls.model.C4DocumentManager - getModel file: d:\Для учебы\для института\ProgInj\Prog_inj\lab1\workspace.dsl
20:44:26.323 [ForkJoinPool.commonPool-worker-1] INFO  d.s.c.l.s.C4TextDocumentService - <-- getDocument
20:44:26.332 [ForkJoinPool.commonPool-worker-1] DEBUG d.s.c.l.p.C4SemanticTokenProvider - Semantik Tokens at [34, 8, 4, 14, 0, 0, 8, 9, 14, 0, 2, 8, 4, 14, 0, 0, 18, 12, 14, 0, 2, 18, 12, 14, 0, 0, 26, 7, 14, 0, 1, 18, 12, 14, 0, 0, 26, 11, 14, 0, 1, 18, 12, 14, 0, 0, 26, 12, 14, 0, 2, 18, 11, 14, 0, 0, 25, 6, 14, 0, 1, 18, 12, 14, 0, 0, 26, 7, 14, 0, 7, 44, 12, 14, 0, 3, 44, 11, 14, 0, 3, 44, 12, 14, 0, 3, 44, 7, 14, 0, 3, 44, 6, 14, 0, 3, 44, 7, 14, 0, 9, 22, 9, 14, 0, 5, 18, 9, 14, 0, 5, 16, 9, 14, 0, 6, 16, 9, 14, 0, 6, 16, 9, 14, 0, 6, 16, 9, 14, 0, 7, 20, 9, 14, 0, 7, 20, 9, 14, 0, 7, 20, 9, 14, 0, 7, 20, 9, 14, 0, 7, 20, 9, 14, 0, 7, 19, 9, 14, 0]
21:01:20.799 [main] INFO  d.s.c.ls.C4LanguageServerLauncher - Launching C4LanguageServer finished
